
scontrol show job 1064566
JobId=1064566 JobName=tracin-ghost
   UserId=leihong(3149346) GroupId=leihong(3149346) MCS_label=N/A
   Priority=800954 Nice=0 Account=def-gzhang-ab QOS=normal
   JobState=COMPLETING Reason=NonZeroExitCode Dependency=(null)
   Requeue=0 Restarts=0 BatchFlag=1 Reboot=0 ExitCode=1:0
   RunTime=00:00:06 TimeLimit=01:00:00 TimeMin=N/A
   SubmitTime=2026-02-26T01:19:21 EligibleTime=2026-02-26T01:19:21
   AccrueTime=2026-02-26T01:19:21
   StartTime=2026-02-26T01:19:22 EndTime=2026-02-26T01:19:28 Deadline=N/A
   SuspendTime=None SecsPreSuspend=0 LastSchedEval=2026-02-26T01:19:22 Scheduler=Main
   Partition=compute AllocNode:Sid=tri-login06:1567787
   ReqNodeList=(null) ExcNodeList=(null)
   NodeList=tri0676
   BatchHost=tri0676
   NumNodes=1 NumCPUs=192 NumTasks=1 CPUs/Task=4 ReqB:S:C:T=0:0:*:*
   ReqTRES=cpu=4,mem=767000M,node=1,billing=4
   AllocTRES=cpu=192,mem=767000M,node=1,billing=192
   Socks/Node=* NtasksPerN:B:S:C=0:0:*:* CoreSpec=*
   MinCPUsNode=4 MinMemoryNode=767000M MinTmpDiskNode=0
   Features=(null) DelayBoot=00:00:00
   OverSubscribe=NO Contiguous=0 Licenses=(null) Network=(null)
   Command=/home/leihong/tracin_ghost_tool/slurm_run_container.sh
   WorkDir=/home/leihong/tracin_ghost_tool
   Comment=/opt/slurm/bin/sbatch --export=NONE --get-user-env=L -o /scratch/leihong/slurm_logs/tracin-ghost-%j.out -e /scratch/leihong/slurm_logs/tracin-ghost-%j.err slurm_run_container.sh 
   StdErr=/scratch/leihong/slurm_logs/tracin-ghost-1064566.err
   StdIn=/dev/null
   StdOut=/scratch/leihong/slurm_logs/tracin-ghost-1064566.out
   TresPerTask=cpu=4
   

sacct -j 1064566
JobID           JobName    Account    Elapsed  MaxVMSize     MaxRSS  SystemCPU    UserCPU ExitCode 
------------ ---------- ---------- ---------- ---------- ---------- ---------- ---------- -------- 
1064566      tracin-gh+ def-gzhan+   00:00:06                         00:00:00   00:00:00      0:0 
1064566.bat+      batch def-gzhan+   00:00:06                         00:00:00   00:00:00      0:0 
1064566.ext+     extern def-gzhan+   00:00:06                         00:00:00   00:00:00      0:0 

