Traceback (most recent call last):
  File "/home/leihong/tracin_ghost_tool/main.py", line 11, in <module>
    from trainer.mnist_mlp_trainer import MnistMLPTrainer
  File "/home/leihong/tracin_ghost_tool/trainer/__init__.py", line 2, in <module>
    from .mnist_mlp_trainer import MnistMLP, MnistMLPTrainer
  File "/home/leihong/tracin_ghost_tool/trainer/mnist_mlp_trainer.py", line 8, in <module>
    from data.mnist_loader import build_mnist_loaders
  File "/home/leihong/tracin_ghost_tool/data/__init__.py", line 1, in <module>
    from .mnist_loader import MnistDataBundle, build_mnist_loaders
  File "/home/leihong/tracin_ghost_tool/data/mnist_loader.py", line 7, in <module>
    from torchvision import datasets, transforms
  File "/home/leihong/containers/py311_site/torchvision/__init__.py", line 10, in <module>
    from torchvision import _meta_registrations, datasets, io, models, ops, transforms, utils  # usort:skip
    ^^^^^^^^^^^^^^^^^^^^^^^^^^^^^^^^^^^^^^^^^^^^^^^^^^^^^^^^^^^^^^^^^^^^^^^^^^^^^^^^^^^^^^^^^
  File "/home/leihong/containers/py311_site/torchvision/datasets/__init__.py", line 1, in <module>
    from ._optical_flow import FlyingChairs, FlyingThings3D, HD1K, KittiFlow, Sintel
  File "/home/leihong/containers/py311_site/torchvision/datasets/_optical_flow.py", line 10, in <module>
    from PIL import Image
  File "/home/leihong/containers/py311_site/PIL/Image.py", line 103, in <module>
    from . import _imaging as core
ImportError: libjpeg.so.62: cannot open shared object file: No such file or directory
